0 info it worked if it ends with ok
1 verbose cli [ 'C:\\Program Files\\nodejs\\node.exe',
1 verbose cli   'C:\\Program Files\\nodejs\\node_modules\\npm\\bin\\npm-cli.js',
1 verbose cli   'start' ]
2 info using npm@3.3.12
3 info using node@v5.1.1
4 verbose run-script [ 'prestart', 'start', 'poststart' ]
5 info lifecycle cognitive-bluemix-starter@1.0.1~prestart: cognitive-bluemix-starter@1.0.1
6 silly lifecycle cognitive-bluemix-starter@1.0.1~prestart: no script for prestart, continuing
7 info lifecycle cognitive-bluemix-starter@1.0.1~start: cognitive-bluemix-starter@1.0.1
8 verbose lifecycle cognitive-bluemix-starter@1.0.1~start: unsafe-perm in lifecycle true
9 verbose lifecycle cognitive-bluemix-starter@1.0.1~start: PATH: C:\Program Files\nodejs\node_modules\npm\bin\node-gyp-bin;D:\cognitive-bluemix-starter\node_modules\.bin;C:\Users\atul_shimpi\bin;C:\Program Files\Git\mingw64\bin;C:\Program Files\Git\usr\local\bin;C:\Program Files\Git\usr\bin;C:\Program Files\Git\usr\bin;C:\Program Files\Git\mingw64\bin;C:\Program Files\Git\usr\bin;C:\Users\atul_shimpi\bin;C:\Ruby23-x64\bin;C:\Ruby200\bin;C:\Python27;C:\Python27\Scripts;C:\WINDOWS\system32;C:\WINDOWS;C:\WINDOWS\System32\Wbem;C:\WINDOWS\System32\WindowsPowerShell\v1.0;C:\Program Files\Git\cmd;C:\Program Files\nodejs;C:\Program Files\Microsoft SQL Server\110\Tools\Binn;C:\Program Files\Microsoft\Web Platform Installer;C:\Program Files (x86)\Microsoft ASP.NET\ASP.NET Web Pages\v1.0;C:\Program Files\Java\jre1.8.0_111\bin;C:\Users\atul_shimpi\AppData\Roaming\npm;C:\Ruby23-x64\bin;C:\Ruby23-x64\DevKit\bin;C:\Ruby23-x64\DevKit\mingw\bin;C:\Program Files\Java\jre1.8.0_111\bin;C:\Program Files\Git\usr\bin\vendor_perl;C:\Program Files\Git\usr\bin\core_perl
10 verbose lifecycle cognitive-bluemix-starter@1.0.1~start: CWD: D:\cognitive-bluemix-starter
11 silly lifecycle cognitive-bluemix-starter@1.0.1~start: Args: [ '/d /s /c', 'node server.js' ]
12 silly lifecycle cognitive-bluemix-starter@1.0.1~start: Returned: code: 1  signal: null
13 info lifecycle cognitive-bluemix-starter@1.0.1~start: Failed to exec start script
14 verbose stack Error: cognitive-bluemix-starter@1.0.1 start: `node server.js`
14 verbose stack Exit status 1
14 verbose stack     at EventEmitter.<anonymous> (C:\Program Files\nodejs\node_modules\npm\lib\utils\lifecycle.js:232:16)
14 verbose stack     at emitTwo (events.js:87:13)
14 verbose stack     at EventEmitter.emit (events.js:172:7)
14 verbose stack     at ChildProcess.<anonymous> (C:\Program Files\nodejs\node_modules\npm\lib\utils\spawn.js:24:14)
14 verbose stack     at emitTwo (events.js:87:13)
14 verbose stack     at ChildProcess.emit (events.js:172:7)
14 verbose stack     at maybeClose (internal/child_process.js:818:16)
14 verbose stack     at Process.ChildProcess._handle.onexit (internal/child_process.js:211:5)
15 verbose pkgid cognitive-bluemix-starter@1.0.1
16 verbose cwd D:\cognitive-bluemix-starter
17 error Windows_NT 6.1.7601
18 error argv "C:\\Program Files\\nodejs\\node.exe" "C:\\Program Files\\nodejs\\node_modules\\npm\\bin\\npm-cli.js" "start"
19 error node v5.1.1
20 error npm  v3.3.12
21 error code ELIFECYCLE
22 error cognitive-bluemix-starter@1.0.1 start: `node server.js`
22 error Exit status 1
23 error Failed at the cognitive-bluemix-starter@1.0.1 start script 'node server.js'.
23 error Make sure you have the latest version of node.js and npm installed.
23 error If you do, this is most likely a problem with the cognitive-bluemix-starter package,
23 error not with npm itself.
23 error Tell the author that this fails on your system:
23 error     node server.js
23 error You can get their info via:
23 error     npm owner ls cognitive-bluemix-starter
23 error There is likely additional logging output above.
24 verbose exit [ 1, true ]
